The system is: Linux - 3.10.96-tegra - aarch64
Compiling the C compiler identification source file "CMakeCCompilerId.c" succeeded.
Compiler: /usr/bin/cc 
Build flags: 
Id flags: 

The output was:
0


Compilation of the C compiler identification source "CMakeCCompilerId.c" produced "a.out"

The C compiler identification is GNU, found in "/home/ubuntu/catkin_ws/build/CMakeFiles/2.8.12.2/CompilerIdC/a.out"

Compiling the CXX compiler identification source file "CMakeCXXCompilerId.cpp" succeeded.
Compiler: /usr/bin/c++ 
Build flags: 
Id flags: 

The output was:
0


Compilation of the CXX compiler identification source "CMakeCXXCompilerId.cpp" produced "a.out"

The CXX compiler identification is GNU, found in "/home/ubuntu/catkin_ws/build/CMakeFiles/2.8.12.2/CompilerIdCXX/a.out"

Determining if the C compiler works passed with the following output:
Change Dir: /home/ubuntu/catkin_ws/build/CMakeFiles/CMakeTmp

Run Build Command:/usr/bin/make "cmTryCompileExec1349722476/fast"
/usr/bin/make -f CMakeFiles/cmTryCompileExec1349722476.dir/build.make CMakeFiles/cmTryCompileExec1349722476.dir/build
make[1]: Entering directory `/home/ubuntu/catkin_ws/build/CMakeFiles/CMakeTmp'
/usr/bin/cmake -E cmake_progress_report /home/ubuntu/catkin_ws/build/CMakeFiles/CMakeTmp/CMakeFiles 1
Building C object CMakeFiles/cmTryCompileExec1349722476.dir/testCCompiler.c.o
/usr/bin/cc    -o CMakeFiles/cmTryCompileExec1349722476.dir/testCCompiler.c.o   -c /home/ubuntu/catkin_ws/build/CMakeFiles/CMakeTmp/testCCompiler.c
Linking C executable cmTryCompileExec1349722476
/usr/bin/cmake -E cmake_link_script CMakeFiles/cmTryCompileExec1349722476.dir/link.txt --verbose=1
/usr/bin/cc       CMakeFiles/cmTryCompileExec1349722476.dir/testCCompiler.c.o  -o cmTryCompileExec1349722476 -rdynamic 
make[1]: Leaving directory `/home/ubuntu/catkin_ws/build/CMakeFiles/CMakeTmp'


Detecting C compiler ABI info compiled with the following output:
Change Dir: /home/ubuntu/catkin_ws/build/CMakeFiles/CMakeTmp

Run Build Command:/usr/bin/make "cmTryCompileExec2496555229/fast"
/usr/bin/make -f CMakeFiles/cmTryCompileExec2496555229.dir/build.make CMakeFiles/cmTryCompileExec2496555229.dir/build
make[1]: Entering directory `/home/ubuntu/catkin_ws/build/CMakeFiles/CMakeTmp'
/usr/bin/cmake -E cmake_progress_report /home/ubuntu/catkin_ws/build/CMakeFiles/CMakeTmp/CMakeFiles 1
Building C object CMakeFiles/cmTryCompileExec2496555229.dir/CMakeCCompilerABI.c.o
/usr/bin/cc    -o CMakeFiles/cmTryCompileExec2496555229.dir/CMakeCCompilerABI.c.o   -c /usr/share/cmake-2.8/Modules/CMakeCCompilerABI.c
Linking C executable cmTryCompileExec2496555229
/usr/bin/cmake -E cmake_link_script CMakeFiles/cmTryCompileExec2496555229.dir/link.txt --verbose=1
/usr/bin/cc     -v CMakeFiles/cmTryCompileExec2496555229.dir/CMakeCCompilerABI.c.o  -o cmTryCompileExec2496555229 -rdynamic  
Using built-in specs.
COLLECT_GCC=/usr/bin/cc
COLLECT_LTO_WRAPPER=/usr/lib/gcc/arm-linux-gnueabihf/4.8/lto-wrapper
Target: arm-linux-gnueabihf
Configured with: ../src/configure -v --with-pkgversion='Ubuntu/Linaro 4.8.4-2ubuntu1~14.04.3' --with-bugurl=file:///usr/share/doc/gcc-4.8/README.Bugs --enable-languages=c,c++,java,go,d,fortran,objc,obj-c++ --prefix=/usr --program-suffix=-4.8 --enable-shared --enable-linker-build-id --libexecdir=/usr/lib --without-included-gettext --enable-threads=posix --with-gxx-include-dir=/usr/include/c++/4.8 --libdir=/usr/lib --enable-nls --with-sysroot=/ --enable-clocale=gnu --enable-libstdcxx-debug --enable-libstdcxx-time=yes --enable-gnu-unique-object --disable-libmudflap --disable-libitm --disable-libquadmath --enable-plugin --with-system-zlib --disable-browser-plugin --enable-java-awt=gtk --enable-gtk-cairo --with-java-home=/usr/lib/jvm/java-1.5.0-gcj-4.8-armhf/jre --enable-java-home --with-jvm-root-dir=/usr/lib/jvm/java-1.5.0-gcj-4.8-armhf --with-jvm-jar-dir=/usr/lib/jvm-exports/java-1.5.0-gcj-4.8-armhf --with-arch-directory=arm --with-ecj-jar=/usr/share/java/eclipse-ecj.jar --enable-objc-gc --enable-multiarch --enable-multilib --disable-sjlj-exceptions --with-arch=armv7-a --with-fpu=vfpv3-d16 --with-float=hard --with-mode=thumb --disable-werror --enable-checking=release --build=arm-linux-gnueabihf --host=arm-linux-gnueabihf --target=arm-linux-gnueabihf
Thread model: posix
gcc version 4.8.4 (Ubuntu/Linaro 4.8.4-2ubuntu1~14.04.3) 
COMPILER_PATH=/usr/lib/gcc/arm-linux-gnueabihf/4.8/:/usr/lib/gcc/arm-linux-gnueabihf/4.8/:/usr/lib/gcc/arm-linux-gnueabihf/:/usr/lib/gcc/arm-linux-gnueabihf/4.8/:/usr/lib/gcc/arm-linux-gnueabihf/
LIBRARY_PATH=/usr/lib/gcc/arm-linux-gnueabihf/4.8/:/usr/lib/gcc/arm-linux-gnueabihf/4.8/../../../arm-linux-gnueabihf/:/usr/lib/gcc/arm-linux-gnueabihf/4.8/../../../../lib/:/lib/arm-linux-gnueabihf/:/lib/../lib/:/usr/lib/arm-linux-gnueabihf/:/usr/lib/../lib/:/usr/lib/gcc/arm-linux-gnueabihf/4.8/../../../:/lib/:/usr/lib/
COLLECT_GCC_OPTIONS='-v' '-o' 'cmTryCompileExec2496555229' '-rdynamic' '-march=armv7-a' '-mfloat-abi=hard' '-mfpu=vfpv3-d16' '-mthumb' '-mtls-dialect=gnu'
 /usr/lib/gcc/arm-linux-gnueabihf/4.8/collect2 --sysroot=/ --build-id --eh-frame-hdr -export-dynamic -dynamic-linker /lib/ld-linux-armhf.so.3 -X --hash-style=gnu --as-needed -m armelf_linux_eabi -z relro -o cmTryCompileExec2496555229 /usr/lib/gcc/arm-linux-gnueabihf/4.8/../../../arm-linux-gnueabihf/crt1.o /usr/lib/gcc/arm-linux-gnueabihf/4.8/../../../arm-linux-gnueabihf/crti.o /usr/lib/gcc/arm-linux-gnueabihf/4.8/crtbegin.o -L/usr/lib/gcc/arm-linux-gnueabihf/4.8 -L/usr/lib/gcc/arm-linux-gnueabihf/4.8/../../../arm-linux-gnueabihf -L/usr/lib/gcc/arm-linux-gnueabihf/4.8/../../../../lib -L/lib/arm-linux-gnueabihf -L/lib/../lib -L/usr/lib/arm-linux-gnueabihf -L/usr/lib/../lib -L/usr/lib/gcc/arm-linux-gnueabihf/4.8/../../.. CMakeFiles/cmTryCompileExec2496555229.dir/CMakeCCompilerABI.c.o -lgcc --as-needed -lgcc_s --no-as-needed -lc -lgcc --as-needed -lgcc_s --no-as-needed /usr/lib/gcc/arm-linux-gnueabihf/4.8/crtend.o /usr/lib/gcc/arm-linux-gnueabihf/4.8/../../../arm-linux-gnueabihf/crtn.o
make[1]: Leaving directory `/home/ubuntu/catkin_ws/build/CMakeFiles/CMakeTmp'


Parsed C implicit link information from above output:
  link line regex: [^( *|.*[/\])(ld|([^/\]+-)?ld|collect2)[^/\]*( |$)]
  ignore line: [Change Dir: /home/ubuntu/catkin_ws/build/CMakeFiles/CMakeTmp]
  ignore line: []
  ignore line: [Run Build Command:/usr/bin/make "cmTryCompileExec2496555229/fast"]
  ignore line: [/usr/bin/make -f CMakeFiles/cmTryCompileExec2496555229.dir/build.make CMakeFiles/cmTryCompileExec2496555229.dir/build]
  ignore line: [make[1]: Entering directory `/home/ubuntu/catkin_ws/build/CMakeFiles/CMakeTmp']
  ignore line: [/usr/bin/cmake -E cmake_progress_report /home/ubuntu/catkin_ws/build/CMakeFiles/CMakeTmp/CMakeFiles 1]
  ignore line: [Building C object CMakeFiles/cmTryCompileExec2496555229.dir/CMakeCCompilerABI.c.o]
  ignore line: [/usr/bin/cc    -o CMakeFiles/cmTryCompileExec2496555229.dir/CMakeCCompilerABI.c.o   -c /usr/share/cmake-2.8/Modules/CMakeCCompilerABI.c]
  ignore line: [Linking C executable cmTryCompileExec2496555229]
  ignore line: [/usr/bin/cmake -E cmake_link_script CMakeFiles/cmTryCompileExec2496555229.dir/link.txt --verbose=1]
  ignore line: [/usr/bin/cc     -v CMakeFiles/cmTryCompileExec2496555229.dir/CMakeCCompilerABI.c.o  -o cmTryCompileExec2496555229 -rdynamic  ]
  ignore line: [Using built-in specs.]
  ignore line: [COLLECT_GCC=/usr/bin/cc]
  ignore line: [COLLECT_LTO_WRAPPER=/usr/lib/gcc/arm-linux-gnueabihf/4.8/lto-wrapper]
  ignore line: [Target: arm-linux-gnueabihf]
  ignore line: [Configured with: ../src/configure -v --with-pkgversion='Ubuntu/Linaro 4.8.4-2ubuntu1~14.04.3' --with-bugurl=file:///usr/share/doc/gcc-4.8/README.Bugs --enable-languages=c,c++,java,go,d,fortran,objc,obj-c++ --prefix=/usr --program-suffix=-4.8 --enable-shared --enable-linker-build-id --libexecdir=/usr/lib --without-included-gettext --enable-threads=posix --with-gxx-include-dir=/usr/include/c++/4.8 --libdir=/usr/lib --enable-nls --with-sysroot=/ --enable-clocale=gnu --enable-libstdcxx-debug --enable-libstdcxx-time=yes --enable-gnu-unique-object --disable-libmudflap --disable-libitm --disable-libquadmath --enable-plugin --with-system-zlib --disable-browser-plugin --enable-java-awt=gtk --enable-gtk-cairo --with-java-home=/usr/lib/jvm/java-1.5.0-gcj-4.8-armhf/jre --enable-java-home --with-jvm-root-dir=/usr/lib/jvm/java-1.5.0-gcj-4.8-armhf --with-jvm-jar-dir=/usr/lib/jvm-exports/java-1.5.0-gcj-4.8-armhf --with-arch-directory=arm --with-ecj-jar=/usr/share/java/eclipse-ecj.jar --enable-objc-gc --enable-multiarch --enable-multilib --disable-sjlj-exceptions --with-arch=armv7-a --with-fpu=vfpv3-d16 --with-float=hard --with-mode=thumb --disable-werror --enable-checking=release --build=arm-linux-gnueabihf --host=arm-linux-gnueabihf --target=arm-linux-gnueabihf]
  ignore line: [Thread model: posix]
  ignore line: [gcc version 4.8.4 (Ubuntu/Linaro 4.8.4-2ubuntu1~14.04.3) ]
  ignore line: [COMPILER_PATH=/usr/lib/gcc/arm-linux-gnueabihf/4.8/:/usr/lib/gcc/arm-linux-gnueabihf/4.8/:/usr/lib/gcc/arm-linux-gnueabihf/:/usr/lib/gcc/arm-linux-gnueabihf/4.8/:/usr/lib/gcc/arm-linux-gnueabihf/]
  ignore line: [LIBRARY_PATH=/usr/lib/gcc/arm-linux-gnueabihf/4.8/:/usr/lib/gcc/arm-linux-gnueabihf/4.8/../../../arm-linux-gnueabihf/:/usr/lib/gcc/arm-linux-gnueabihf/4.8/../../../../lib/:/lib/arm-linux-gnueabihf/:/lib/../lib/:/usr/lib/arm-linux-gnueabihf/:/usr/lib/../lib/:/usr/lib/gcc/arm-linux-gnueabihf/4.8/../../../:/lib/:/usr/lib/]
  ignore line: [COLLECT_GCC_OPTIONS='-v' '-o' 'cmTryCompileExec2496555229' '-rdynamic' '-march=armv7-a' '-mfloat-abi=hard' '-mfpu=vfpv3-d16' '-mthumb' '-mtls-dialect=gnu']
  link line: [ /usr/lib/gcc/arm-linux-gnueabihf/4.8/collect2 --sysroot=/ --build-id --eh-frame-hdr -export-dynamic -dynamic-linker /lib/ld-linux-armhf.so.3 -X --hash-style=gnu --as-needed -m armelf_linux_eabi -z relro -o cmTryCompileExec2496555229 /usr/lib/gcc/arm-linux-gnueabihf/4.8/../../../arm-linux-gnueabihf/crt1.o /usr/lib/gcc/arm-linux-gnueabihf/4.8/../../../arm-linux-gnueabihf/crti.o /usr/lib/gcc/arm-linux-gnueabihf/4.8/crtbegin.o -L/usr/lib/gcc/arm-linux-gnueabihf/4.8 -L/usr/lib/gcc/arm-linux-gnueabihf/4.8/../../../arm-linux-gnueabihf -L/usr/lib/gcc/arm-linux-gnueabihf/4.8/../../../../lib -L/lib/arm-linux-gnueabihf -L/lib/../lib -L/usr/lib/arm-linux-gnueabihf -L/usr/lib/../lib -L/usr/lib/gcc/arm-linux-gnueabihf/4.8/../../.. CMakeFiles/cmTryCompileExec2496555229.dir/CMakeCCompilerABI.c.o -lgcc --as-needed -lgcc_s --no-as-needed -lc -lgcc --as-needed -lgcc_s --no-as-needed /usr/lib/gcc/arm-linux-gnueabihf/4.8/crtend.o /usr/lib/gcc/arm-linux-gnueabihf/4.8/../../../arm-linux-gnueabihf/crtn.o]
    arg [/usr/lib/gcc/arm-linux-gnueabihf/4.8/collect2] ==> ignore
    arg [--sysroot=/] ==> ignore
    arg [--build-id] ==> ignore
    arg [--eh-frame-hdr] ==> ignore
    arg [-export-dynamic] ==> ignore
    arg [-dynamic-linker] ==> ignore
    arg [/lib/ld-linux-armhf.so.3] ==> ignore
    arg [-X] ==> ignore
    arg [--hash-style=gnu] ==> ignore
    arg [--as-needed] ==> ignore
    arg [-m] ==> ignore
    arg [armelf_linux_eabi] ==> ignore
    arg [-zrelro] ==> ignore
    arg [-o] ==> ignore
    arg [cmTryCompileExec2496555229] ==> ignore
    arg [/usr/lib/gcc/arm-linux-gnueabihf/4.8/../../../arm-linux-gnueabihf/crt1.o] ==> ignore
    arg [/usr/lib/gcc/arm-linux-gnueabihf/4.8/../../../arm-linux-gnueabihf/crti.o] ==> ignore
    arg [/usr/lib/gcc/arm-linux-gnueabihf/4.8/crtbegin.o] ==> ignore
    arg [-L/usr/lib/gcc/arm-linux-gnueabihf/4.8] ==> dir [/usr/lib/gcc/arm-linux-gnueabihf/4.8]
    arg [-L/usr/lib/gcc/arm-linux-gnueabihf/4.8/../../../arm-linux-gnueabihf] ==> dir [/usr/lib/gcc/arm-linux-gnueabihf/4.8/../../../arm-linux-gnueabihf]
    arg [-L/usr/lib/gcc/arm-linux-gnueabihf/4.8/../../../../lib] ==> dir [/usr/lib/gcc/arm-linux-gnueabihf/4.8/../../../../lib]
    arg [-L/lib/arm-linux-gnueabihf] ==> dir [/lib/arm-linux-gnueabihf]
    arg [-L/lib/../lib] ==> dir [/lib/../lib]
    arg [-L/usr/lib/arm-linux-gnueabihf] ==> dir [/usr/lib/arm-linux-gnueabihf]
    arg [-L/usr/lib/../lib] ==> dir [/usr/lib/../lib]
    arg [-L/usr/lib/gcc/arm-linux-gnueabihf/4.8/../../..] ==> dir [/usr/lib/gcc/arm-linux-gnueabihf/4.8/../../..]
    arg [CMakeFiles/cmTryCompileExec2496555229.dir/CMakeCCompilerABI.c.o] ==> ignore
    arg [-lgcc] ==> lib [gcc]
    arg [--as-needed] ==> ignore
    arg [-lgcc_s] ==> lib [gcc_s]
    arg [--no-as-needed] ==> ignore
    arg [-lc] ==> lib [c]
    arg [-lgcc] ==> lib [gcc]
    arg [--as-needed] ==> ignore
    arg [-lgcc_s] ==> lib [gcc_s]
    arg [--no-as-needed] ==> ignore
    arg [/usr/lib/gcc/arm-linux-gnueabihf/4.8/crtend.o] ==> ignore
    arg [/usr/lib/gcc/arm-linux-gnueabihf/4.8/../../../arm-linux-gnueabihf/crtn.o] ==> ignore
  remove lib [gcc]
  remove lib [gcc_s]
  remove lib [gcc]
  remove lib [gcc_s]
  collapse library dir [/usr/lib/gcc/arm-linux-gnueabihf/4.8] ==> [/usr/lib/gcc/arm-linux-gnueabihf/4.8]
  collapse library dir [/usr/lib/gcc/arm-linux-gnueabihf/4.8/../../../arm-linux-gnueabihf] ==> [/usr/lib/arm-linux-gnueabihf]
  collapse library dir [/usr/lib/gcc/arm-linux-gnueabihf/4.8/../../../../lib] ==> [/usr/lib]
  collapse library dir [/lib/arm-linux-gnueabihf] ==> [/lib/arm-linux-gnueabihf]
  collapse library dir [/lib/../lib] ==> [/lib]
  collapse library dir [/usr/lib/arm-linux-gnueabihf] ==> [/usr/lib/arm-linux-gnueabihf]
  collapse library dir [/usr/lib/../lib] ==> [/usr/lib]
  collapse library dir [/usr/lib/gcc/arm-linux-gnueabihf/4.8/../../..] ==> [/usr/lib]
  implicit libs: [c]
  implicit dirs: [/usr/lib/gcc/arm-linux-gnueabihf/4.8;/usr/lib/arm-linux-gnueabihf;/usr/lib;/lib/arm-linux-gnueabihf;/lib]
  implicit fwks: []


Determining if the CXX compiler works passed with the following output:
Change Dir: /home/ubuntu/catkin_ws/build/CMakeFiles/CMakeTmp

Run Build Command:/usr/bin/make "cmTryCompileExec2903645259/fast"
/usr/bin/make -f CMakeFiles/cmTryCompileExec2903645259.dir/build.make CMakeFiles/cmTryCompileExec2903645259.dir/build
make[1]: Entering directory `/home/ubuntu/catkin_ws/build/CMakeFiles/CMakeTmp'
/usr/bin/cmake -E cmake_progress_report /home/ubuntu/catkin_ws/build/CMakeFiles/CMakeTmp/CMakeFiles 1
Building CXX object CMakeFiles/cmTryCompileExec2903645259.dir/testCXXCompiler.cxx.o
/usr/bin/c++     -o CMakeFiles/cmTryCompileExec2903645259.dir/testCXXCompiler.cxx.o -c /home/ubuntu/catkin_ws/build/CMakeFiles/CMakeTmp/testCXXCompiler.cxx
Linking CXX executable cmTryCompileExec2903645259
/usr/bin/cmake -E cmake_link_script CMakeFiles/cmTryCompileExec2903645259.dir/link.txt --verbose=1
/usr/bin/c++        CMakeFiles/cmTryCompileExec2903645259.dir/testCXXCompiler.cxx.o  -o cmTryCompileExec2903645259 -rdynamic 
make[1]: Leaving directory `/home/ubuntu/catkin_ws/build/CMakeFiles/CMakeTmp'


Detecting CXX compiler ABI info compiled with the following output:
Change Dir: /home/ubuntu/catkin_ws/build/CMakeFiles/CMakeTmp

Run Build Command:/usr/bin/make "cmTryCompileExec3440755892/fast"
/usr/bin/make -f CMakeFiles/cmTryCompileExec3440755892.dir/build.make CMakeFiles/cmTryCompileExec3440755892.dir/build
make[1]: Entering directory `/home/ubuntu/catkin_ws/build/CMakeFiles/CMakeTmp'
/usr/bin/cmake -E cmake_progress_report /home/ubuntu/catkin_ws/build/CMakeFiles/CMakeTmp/CMakeFiles 1
Building CXX object CMakeFiles/cmTryCompileExec3440755892.dir/CMakeCXXCompilerABI.cpp.o
/usr/bin/c++     -o CMakeFiles/cmTryCompileExec3440755892.dir/CMakeCXXCompilerABI.cpp.o -c /usr/share/cmake-2.8/Modules/CMakeCXXCompilerABI.cpp
Linking CXX executable cmTryCompileExec3440755892
/usr/bin/cmake -E cmake_link_script CMakeFiles/cmTryCompileExec3440755892.dir/link.txt --verbose=1
/usr/bin/c++      -v CMakeFiles/cmTryCompileExec3440755892.dir/CMakeCXXCompilerABI.cpp.o  -o cmTryCompileExec3440755892 -rdynamic  
Using built-in specs.
COLLECT_GCC=/usr/bin/c++
COLLECT_LTO_WRAPPER=/usr/lib/gcc/arm-linux-gnueabihf/4.8/lto-wrapper
Target: arm-linux-gnueabihf
Configured with: ../src/configure -v --with-pkgversion='Ubuntu/Linaro 4.8.4-2ubuntu1~14.04.3' --with-bugurl=file:///usr/share/doc/gcc-4.8/README.Bugs --enable-languages=c,c++,java,go,d,fortran,objc,obj-c++ --prefix=/usr --program-suffix=-4.8 --enable-shared --enable-linker-build-id --libexecdir=/usr/lib --without-included-gettext --enable-threads=posix --with-gxx-include-dir=/usr/include/c++/4.8 --libdir=/usr/lib --enable-nls --with-sysroot=/ --enable-clocale=gnu --enable-libstdcxx-debug --enable-libstdcxx-time=yes --enable-gnu-unique-object --disable-libmudflap --disable-libitm --disable-libquadmath --enable-plugin --with-system-zlib --disable-browser-plugin --enable-java-awt=gtk --enable-gtk-cairo --with-java-home=/usr/lib/jvm/java-1.5.0-gcj-4.8-armhf/jre --enable-java-home --with-jvm-root-dir=/usr/lib/jvm/java-1.5.0-gcj-4.8-armhf --with-jvm-jar-dir=/usr/lib/jvm-exports/java-1.5.0-gcj-4.8-armhf --with-arch-directory=arm --with-ecj-jar=/usr/share/java/eclipse-ecj.jar --enable-objc-gc --enable-multiarch --enable-multilib --disable-sjlj-exceptions --with-arch=armv7-a --with-fpu=vfpv3-d16 --with-float=hard --with-mode=thumb --disable-werror --enable-checking=release --build=arm-linux-gnueabihf --host=arm-linux-gnueabihf --target=arm-linux-gnueabihf
Thread model: posix
gcc version 4.8.4 (Ubuntu/Linaro 4.8.4-2ubuntu1~14.04.3) 
COMPILER_PATH=/usr/lib/gcc/arm-linux-gnueabihf/4.8/:/usr/lib/gcc/arm-linux-gnueabihf/4.8/:/usr/lib/gcc/arm-linux-gnueabihf/:/usr/lib/gcc/arm-linux-gnueabihf/4.8/:/usr/lib/gcc/arm-linux-gnueabihf/
LIBRARY_PATH=/usr/lib/gcc/arm-linux-gnueabihf/4.8/:/usr/lib/gcc/arm-linux-gnueabihf/4.8/../../../arm-linux-gnueabihf/:/usr/lib/gcc/arm-linux-gnueabihf/4.8/../../../../lib/:/lib/arm-linux-gnueabihf/:/lib/../lib/:/usr/lib/arm-linux-gnueabihf/:/usr/lib/../lib/:/usr/lib/gcc/arm-linux-gnueabihf/4.8/../../../:/lib/:/usr/lib/
COLLECT_GCC_OPTIONS='-v' '-o' 'cmTryCompileExec3440755892' '-rdynamic' '-shared-libgcc' '-march=armv7-a' '-mfloat-abi=hard' '-mfpu=vfpv3-d16' '-mthumb' '-mtls-dialect=gnu'
 /usr/lib/gcc/arm-linux-gnueabihf/4.8/collect2 --sysroot=/ --build-id --eh-frame-hdr -export-dynamic -dynamic-linker /lib/ld-linux-armhf.so.3 -X --hash-style=gnu --as-needed -m armelf_linux_eabi -z relro -o cmTryCompileExec3440755892 /usr/lib/gcc/arm-linux-gnueabihf/4.8/../../../arm-linux-gnueabihf/crt1.o /usr/lib/gcc/arm-linux-gnueabihf/4.8/../../../arm-linux-gnueabihf/crti.o /usr/lib/gcc/arm-linux-gnueabihf/4.8/crtbegin.o -L/usr/lib/gcc/arm-linux-gnueabihf/4.8 -L/usr/lib/gcc/arm-linux-gnueabihf/4.8/../../../arm-linux-gnueabihf -L/usr/lib/gcc/arm-linux-gnueabihf/4.8/../../../../lib -L/lib/arm-linux-gnueabihf -L/lib/../lib -L/usr/lib/arm-linux-gnueabihf -L/usr/lib/../lib -L/usr/lib/gcc/arm-linux-gnueabihf/4.8/../../.. CMakeFiles/cmTryCompileExec3440755892.dir/CMakeCXXCompilerABI.cpp.o -lstdc++ -lm -lgcc_s -lgcc -lc -lgcc_s -lgcc /usr/lib/gcc/arm-linux-gnueabihf/4.8/crtend.o /usr/lib/gcc/arm-linux-gnueabihf/4.8/../../../arm-linux-gnueabihf/crtn.o
make[1]: Leaving directory `/home/ubuntu/catkin_ws/build/CMakeFiles/CMakeTmp'


Parsed CXX implicit link information from above output:
  link line regex: [^( *|.*[/\])(ld|([^/\]+-)?ld|collect2)[^/\]*( |$)]
  ignore line: [Change Dir: /home/ubuntu/catkin_ws/build/CMakeFiles/CMakeTmp]
  ignore line: []
  ignore line: [Run Build Command:/usr/bin/make "cmTryCompileExec3440755892/fast"]
  ignore line: [/usr/bin/make -f CMakeFiles/cmTryCompileExec3440755892.dir/build.make CMakeFiles/cmTryCompileExec3440755892.dir/build]
  ignore line: [make[1]: Entering directory `/home/ubuntu/catkin_ws/build/CMakeFiles/CMakeTmp']
  ignore line: [/usr/bin/cmake -E cmake_progress_report /home/ubuntu/catkin_ws/build/CMakeFiles/CMakeTmp/CMakeFiles 1]
  ignore line: [Building CXX object CMakeFiles/cmTryCompileExec3440755892.dir/CMakeCXXCompilerABI.cpp.o]
  ignore line: [/usr/bin/c++     -o CMakeFiles/cmTryCompileExec3440755892.dir/CMakeCXXCompilerABI.cpp.o -c /usr/share/cmake-2.8/Modules/CMakeCXXCompilerABI.cpp]
  ignore line: [Linking CXX executable cmTryCompileExec3440755892]
  ignore line: [/usr/bin/cmake -E cmake_link_script CMakeFiles/cmTryCompileExec3440755892.dir/link.txt --verbose=1]
  ignore line: [/usr/bin/c++      -v CMakeFiles/cmTryCompileExec3440755892.dir/CMakeCXXCompilerABI.cpp.o  -o cmTryCompileExec3440755892 -rdynamic  ]
  ignore line: [Using built-in specs.]
  ignore line: [COLLECT_GCC=/usr/bin/c++]
  ignore line: [COLLECT_LTO_WRAPPER=/usr/lib/gcc/arm-linux-gnueabihf/4.8/lto-wrapper]
  ignore line: [Target: arm-linux-gnueabihf]
  ignore line: [Configured with: ../src/configure -v --with-pkgversion='Ubuntu/Linaro 4.8.4-2ubuntu1~14.04.3' --with-bugurl=file:///usr/share/doc/gcc-4.8/README.Bugs --enable-languages=c,c++,java,go,d,fortran,objc,obj-c++ --prefix=/usr --program-suffix=-4.8 --enable-shared --enable-linker-build-id --libexecdir=/usr/lib --without-included-gettext --enable-threads=posix --with-gxx-include-dir=/usr/include/c++/4.8 --libdir=/usr/lib --enable-nls --with-sysroot=/ --enable-clocale=gnu --enable-libstdcxx-debug --enable-libstdcxx-time=yes --enable-gnu-unique-object --disable-libmudflap --disable-libitm --disable-libquadmath --enable-plugin --with-system-zlib --disable-browser-plugin --enable-java-awt=gtk --enable-gtk-cairo --with-java-home=/usr/lib/jvm/java-1.5.0-gcj-4.8-armhf/jre --enable-java-home --with-jvm-root-dir=/usr/lib/jvm/java-1.5.0-gcj-4.8-armhf --with-jvm-jar-dir=/usr/lib/jvm-exports/java-1.5.0-gcj-4.8-armhf --with-arch-directory=arm --with-ecj-jar=/usr/share/java/eclipse-ecj.jar --enable-objc-gc --enable-multiarch --enable-multilib --disable-sjlj-exceptions --with-arch=armv7-a --with-fpu=vfpv3-d16 --with-float=hard --with-mode=thumb --disable-werror --enable-checking=release --build=arm-linux-gnueabihf --host=arm-linux-gnueabihf --target=arm-linux-gnueabihf]
  ignore line: [Thread model: posix]
  ignore line: [gcc version 4.8.4 (Ubuntu/Linaro 4.8.4-2ubuntu1~14.04.3) ]
  ignore line: [COMPILER_PATH=/usr/lib/gcc/arm-linux-gnueabihf/4.8/:/usr/lib/gcc/arm-linux-gnueabihf/4.8/:/usr/lib/gcc/arm-linux-gnueabihf/:/usr/lib/gcc/arm-linux-gnueabihf/4.8/:/usr/lib/gcc/arm-linux-gnueabihf/]
  ignore line: [LIBRARY_PATH=/usr/lib/gcc/arm-linux-gnueabihf/4.8/:/usr/lib/gcc/arm-linux-gnueabihf/4.8/../../../arm-linux-gnueabihf/:/usr/lib/gcc/arm-linux-gnueabihf/4.8/../../../../lib/:/lib/arm-linux-gnueabihf/:/lib/../lib/:/usr/lib/arm-linux-gnueabihf/:/usr/lib/../lib/:/usr/lib/gcc/arm-linux-gnueabihf/4.8/../../../:/lib/:/usr/lib/]
  ignore line: [COLLECT_GCC_OPTIONS='-v' '-o' 'cmTryCompileExec3440755892' '-rdynamic' '-shared-libgcc' '-march=armv7-a' '-mfloat-abi=hard' '-mfpu=vfpv3-d16' '-mthumb' '-mtls-dialect=gnu']
  link line: [ /usr/lib/gcc/arm-linux-gnueabihf/4.8/collect2 --sysroot=/ --build-id --eh-frame-hdr -export-dynamic -dynamic-linker /lib/ld-linux-armhf.so.3 -X --hash-style=gnu --as-needed -m armelf_linux_eabi -z relro -o cmTryCompileExec3440755892 /usr/lib/gcc/arm-linux-gnueabihf/4.8/../../../arm-linux-gnueabihf/crt1.o /usr/lib/gcc/arm-linux-gnueabihf/4.8/../../../arm-linux-gnueabihf/crti.o /usr/lib/gcc/arm-linux-gnueabihf/4.8/crtbegin.o -L/usr/lib/gcc/arm-linux-gnueabihf/4.8 -L/usr/lib/gcc/arm-linux-gnueabihf/4.8/../../../arm-linux-gnueabihf -L/usr/lib/gcc/arm-linux-gnueabihf/4.8/../../../../lib -L/lib/arm-linux-gnueabihf -L/lib/../lib -L/usr/lib/arm-linux-gnueabihf -L/usr/lib/../lib -L/usr/lib/gcc/arm-linux-gnueabihf/4.8/../../.. CMakeFiles/cmTryCompileExec3440755892.dir/CMakeCXXCompilerABI.cpp.o -lstdc++ -lm -lgcc_s -lgcc -lc -lgcc_s -lgcc /usr/lib/gcc/arm-linux-gnueabihf/4.8/crtend.o /usr/lib/gcc/arm-linux-gnueabihf/4.8/../../../arm-linux-gnueabihf/crtn.o]
    arg [/usr/lib/gcc/arm-linux-gnueabihf/4.8/collect2] ==> ignore
    arg [--sysroot=/] ==> ignore
    arg [--build-id] ==> ignore
    arg [--eh-frame-hdr] ==> ignore
    arg [-export-dynamic] ==> ignore
    arg [-dynamic-linker] ==> ignore
    arg [/lib/ld-linux-armhf.so.3] ==> ignore
    arg [-X] ==> ignore
    arg [--hash-style=gnu] ==> ignore
    arg [--as-needed] ==> ignore
    arg [-m] ==> ignore
    arg [armelf_linux_eabi] ==> ignore
    arg [-zrelro] ==> ignore
    arg [-o] ==> ignore
    arg [cmTryCompileExec3440755892] ==> ignore
    arg [/usr/lib/gcc/arm-linux-gnueabihf/4.8/../../../arm-linux-gnueabihf/crt1.o] ==> ignore
    arg [/usr/lib/gcc/arm-linux-gnueabihf/4.8/../../../arm-linux-gnueabihf/crti.o] ==> ignore
    arg [/usr/lib/gcc/arm-linux-gnueabihf/4.8/crtbegin.o] ==> ignore
    arg [-L/usr/lib/gcc/arm-linux-gnueabihf/4.8] ==> dir [/usr/lib/gcc/arm-linux-gnueabihf/4.8]
    arg [-L/usr/lib/gcc/arm-linux-gnueabihf/4.8/../../../arm-linux-gnueabihf] ==> dir [/usr/lib/gcc/arm-linux-gnueabihf/4.8/../../../arm-linux-gnueabihf]
    arg [-L/usr/lib/gcc/arm-linux-gnueabihf/4.8/../../../../lib] ==> dir [/usr/lib/gcc/arm-linux-gnueabihf/4.8/../../../../lib]
    arg [-L/lib/arm-linux-gnueabihf] ==> dir [/lib/arm-linux-gnueabihf]
    arg [-L/lib/../lib] ==> dir [/lib/../lib]
    arg [-L/usr/lib/arm-linux-gnueabihf] ==> dir [/usr/lib/arm-linux-gnueabihf]
    arg [-L/usr/lib/../lib] ==> dir [/usr/lib/../lib]
    arg [-L/usr/lib/gcc/arm-linux-gnueabihf/4.8/../../..] ==> dir [/usr/lib/gcc/arm-linux-gnueabihf/4.8/../../..]
    arg [CMakeFiles/cmTryCompileExec3440755892.dir/CMakeCXXCompilerABI.cpp.o] ==> ignore
    arg [-lstdc++] ==> lib [stdc++]
    arg [-lm] ==> lib [m]
    arg [-lgcc_s] ==> lib [gcc_s]
    arg [-lgcc] ==> lib [gcc]
    arg [-lc] ==> lib [c]
    arg [-lgcc_s] ==> lib [gcc_s]
    arg [-lgcc] ==> lib [gcc]
    arg [/usr/lib/gcc/arm-linux-gnueabihf/4.8/crtend.o] ==> ignore
    arg [/usr/lib/gcc/arm-linux-gnueabihf/4.8/../../../arm-linux-gnueabihf/crtn.o] ==> ignore
  remove lib [gcc_s]
  remove lib [gcc]
  remove lib [gcc_s]
  remove lib [gcc]
  collapse library dir [/usr/lib/gcc/arm-linux-gnueabihf/4.8] ==> [/usr/lib/gcc/arm-linux-gnueabihf/4.8]
  collapse library dir [/usr/lib/gcc/arm-linux-gnueabihf/4.8/../../../arm-linux-gnueabihf] ==> [/usr/lib/arm-linux-gnueabihf]
  collapse library dir [/usr/lib/gcc/arm-linux-gnueabihf/4.8/../../../../lib] ==> [/usr/lib]
  collapse library dir [/lib/arm-linux-gnueabihf] ==> [/lib/arm-linux-gnueabihf]
  collapse library dir [/lib/../lib] ==> [/lib]
  collapse library dir [/usr/lib/arm-linux-gnueabihf] ==> [/usr/lib/arm-linux-gnueabihf]
  collapse library dir [/usr/lib/../lib] ==> [/usr/lib]
  collapse library dir [/usr/lib/gcc/arm-linux-gnueabihf/4.8/../../..] ==> [/usr/lib]
  implicit libs: [stdc++;m;c]
  implicit dirs: [/usr/lib/gcc/arm-linux-gnueabihf/4.8;/usr/lib/arm-linux-gnueabihf;/usr/lib;/lib/arm-linux-gnueabihf;/lib]
  implicit fwks: []


Determining if files pthread.h exist passed with the following output:
Change Dir: /home/ubuntu/catkin_ws/build/CMakeFiles/CMakeTmp

Run Build Command:/usr/bin/make "cmTryCompileExec1399689811/fast"
/usr/bin/make -f CMakeFiles/cmTryCompileExec1399689811.dir/build.make CMakeFiles/cmTryCompileExec1399689811.dir/build
make[1]: Entering directory `/home/ubuntu/catkin_ws/build/CMakeFiles/CMakeTmp'
/usr/bin/cmake -E cmake_progress_report /home/ubuntu/catkin_ws/build/CMakeFiles/CMakeTmp/CMakeFiles 1
Building C object CMakeFiles/cmTryCompileExec1399689811.dir/CheckIncludeFiles.c.o
/usr/bin/cc    -o CMakeFiles/cmTryCompileExec1399689811.dir/CheckIncludeFiles.c.o   -c /home/ubuntu/catkin_ws/build/CMakeFiles/CMakeTmp/CheckIncludeFiles.c
Linking C executable cmTryCompileExec1399689811
/usr/bin/cmake -E cmake_link_script CMakeFiles/cmTryCompileExec1399689811.dir/link.txt --verbose=1
/usr/bin/cc       CMakeFiles/cmTryCompileExec1399689811.dir/CheckIncludeFiles.c.o  -o cmTryCompileExec1399689811 -rdynamic 
make[1]: Leaving directory `/home/ubuntu/catkin_ws/build/CMakeFiles/CMakeTmp'


Determining if the function pthread_create exists in the pthread passed with the following output:
Change Dir: /home/ubuntu/catkin_ws/build/CMakeFiles/CMakeTmp

Run Build Command:/usr/bin/make "cmTryCompileExec922740938/fast"
/usr/bin/make -f CMakeFiles/cmTryCompileExec922740938.dir/build.make CMakeFiles/cmTryCompileExec922740938.dir/build
make[1]: Entering directory `/home/ubuntu/catkin_ws/build/CMakeFiles/CMakeTmp'
/usr/bin/cmake -E cmake_progress_report /home/ubuntu/catkin_ws/build/CMakeFiles/CMakeTmp/CMakeFiles 1
Building C object CMakeFiles/cmTryCompileExec922740938.dir/CheckFunctionExists.c.o
/usr/bin/cc   -DCHECK_FUNCTION_EXISTS=pthread_create   -o CMakeFiles/cmTryCompileExec922740938.dir/CheckFunctionExists.c.o   -c /usr/share/cmake-2.8/Modules/CheckFunctionExists.c
Linking C executable cmTryCompileExec922740938
/usr/bin/cmake -E cmake_link_script CMakeFiles/cmTryCompileExec922740938.dir/link.txt --verbose=1
/usr/bin/cc   -DCHECK_FUNCTION_EXISTS=pthread_create    CMakeFiles/cmTryCompileExec922740938.dir/CheckFunctionExists.c.o  -o cmTryCompileExec922740938 -rdynamic -lpthread 
make[1]: Leaving directory `/home/ubuntu/catkin_ws/build/CMakeFiles/CMakeTmp'


Determining if the Q_WS_X11 exist passed with the following output:
Change Dir: /home/ubuntu/catkin_ws/build/CMakeFiles/CMakeTmp

Run Build Command:/usr/bin/make "cmTryCompileExec4236863750/fast"
/usr/bin/make -f CMakeFiles/cmTryCompileExec4236863750.dir/build.make CMakeFiles/cmTryCompileExec4236863750.dir/build
make[1]: Entering directory `/home/ubuntu/catkin_ws/build/CMakeFiles/CMakeTmp'
/usr/bin/cmake -E cmake_progress_report /home/ubuntu/catkin_ws/build/CMakeFiles/CMakeTmp/CMakeFiles 1
Building CXX object CMakeFiles/cmTryCompileExec4236863750.dir/CheckSymbolExists.cxx.o
/usr/bin/c++    -I/usr/include/qt4    -o CMakeFiles/cmTryCompileExec4236863750.dir/CheckSymbolExists.cxx.o -c /home/ubuntu/catkin_ws/build/CMakeFiles/CMakeTmp/CheckSymbolExists.cxx
Linking CXX executable cmTryCompileExec4236863750
/usr/bin/cmake -E cmake_link_script CMakeFiles/cmTryCompileExec4236863750.dir/link.txt --verbose=1
/usr/bin/c++        CMakeFiles/cmTryCompileExec4236863750.dir/CheckSymbolExists.cxx.o  -o cmTryCompileExec4236863750 -rdynamic 
make[1]: Leaving directory `/home/ubuntu/catkin_ws/build/CMakeFiles/CMakeTmp'

File /home/ubuntu/catkin_ws/build/CMakeFiles/CMakeTmp/CheckSymbolExists.cxx:
/* */
#include <QtCore/qglobal.h>

int main(int argc, char** argv)
{
  (void)argv;
#ifndef Q_WS_X11
  return ((int*)(&Q_WS_X11))[argc];
#else
  (void)argc;
  return 0;
#endif
}

Determining if files linux/joystick.h exist passed with the following output:
Change Dir: /home/ubuntu/catkin_ws/build/CMakeFiles/CMakeTmp

Run Build Command:/usr/bin/make "cmTryCompileExec114541672/fast"
/usr/bin/make -f CMakeFiles/cmTryCompileExec114541672.dir/build.make CMakeFiles/cmTryCompileExec114541672.dir/build
make[1]: Entering directory `/home/ubuntu/catkin_ws/build/CMakeFiles/CMakeTmp'
/usr/bin/cmake -E cmake_progress_report /home/ubuntu/catkin_ws/build/CMakeFiles/CMakeTmp/CMakeFiles 1
Building C object CMakeFiles/cmTryCompileExec114541672.dir/CheckIncludeFiles.c.o
/usr/bin/cc    -o CMakeFiles/cmTryCompileExec114541672.dir/CheckIncludeFiles.c.o   -c /home/ubuntu/catkin_ws/build/CMakeFiles/CMakeTmp/CheckIncludeFiles.c
Linking C executable cmTryCompileExec114541672
/usr/bin/cmake -E cmake_link_script CMakeFiles/cmTryCompileExec114541672.dir/link.txt --verbose=1
/usr/bin/cc       CMakeFiles/cmTryCompileExec114541672.dir/CheckIncludeFiles.c.o  -o cmTryCompileExec114541672 -rdynamic 
make[1]: Leaving directory `/home/ubuntu/catkin_ws/build/CMakeFiles/CMakeTmp'


The target system is: Linux - 3.10.96-tegra - aarch64
The host system is: Linux - 3.10.96-tegra - aarch64
Determining if the include file pgm.h exists passed with the following output:
Change Dir: /home/ubuntu/catkin_ws/build/CMakeFiles/CMakeTmp

Run Build Command:/usr/bin/make "cmTryCompileExec83723456/fast"
/usr/bin/make -f CMakeFiles/cmTryCompileExec83723456.dir/build.make CMakeFiles/cmTryCompileExec83723456.dir/build
make[1]: Entering directory `/home/ubuntu/catkin_ws/build/CMakeFiles/CMakeTmp'
/usr/bin/cmake -E cmake_progress_report /home/ubuntu/catkin_ws/build/CMakeFiles/CMakeTmp/CMakeFiles 1
Building CXX object CMakeFiles/cmTryCompileExec83723456.dir/CheckIncludeFile.cxx.o
/usr/bin/c++    -Wno-deprecated    -o CMakeFiles/cmTryCompileExec83723456.dir/CheckIncludeFile.cxx.o -c /home/ubuntu/catkin_ws/build/CMakeFiles/CMakeTmp/CheckIncludeFile.cxx
Linking CXX executable cmTryCompileExec83723456
/usr/bin/cmake -E cmake_link_script CMakeFiles/cmTryCompileExec83723456.dir/link.txt --verbose=1
/usr/bin/c++     -Wno-deprecated     CMakeFiles/cmTryCompileExec83723456.dir/CheckIncludeFile.cxx.o  -o cmTryCompileExec83723456 -rdynamic 
make[1]: Leaving directory `/home/ubuntu/catkin_ws/build/CMakeFiles/CMakeTmp'


Performing C++ SOURCE FILE Test COMPILER_SUPPORTS_CXX11 succeded with the following output:
Change Dir: /home/ubuntu/catkin_ws/build/CMakeFiles/CMakeTmp

Run Build Command:/usr/bin/make "cmTryCompileExec3034205101/fast"
/usr/bin/make -f CMakeFiles/cmTryCompileExec3034205101.dir/build.make CMakeFiles/cmTryCompileExec3034205101.dir/build
make[1]: Entering directory `/home/ubuntu/catkin_ws/build/CMakeFiles/CMakeTmp'
/usr/bin/cmake -E cmake_progress_report /home/ubuntu/catkin_ws/build/CMakeFiles/CMakeTmp/CMakeFiles 1
Building CXX object CMakeFiles/cmTryCompileExec3034205101.dir/src.cxx.o
/usr/bin/c++    -DCOMPILER_SUPPORTS_CXX11   -std=c++11 -o CMakeFiles/cmTryCompileExec3034205101.dir/src.cxx.o -c /home/ubuntu/catkin_ws/build/CMakeFiles/CMakeTmp/src.cxx
Linking CXX executable cmTryCompileExec3034205101
/usr/bin/cmake -E cmake_link_script CMakeFiles/cmTryCompileExec3034205101.dir/link.txt --verbose=1
/usr/bin/c++    -DCOMPILER_SUPPORTS_CXX11    CMakeFiles/cmTryCompileExec3034205101.dir/src.cxx.o  -o cmTryCompileExec3034205101 -rdynamic 
make[1]: Leaving directory `/home/ubuntu/catkin_ws/build/CMakeFiles/CMakeTmp'

Source file was:
int main() { return 0;}
Performing C++ SOURCE FILE Test COMPILER_SUPPORTS_CXX0X succeded with the following output:
Change Dir: /home/ubuntu/catkin_ws/build/CMakeFiles/CMakeTmp

Run Build Command:/usr/bin/make "cmTryCompileExec152039262/fast"
/usr/bin/make -f CMakeFiles/cmTryCompileExec152039262.dir/build.make CMakeFiles/cmTryCompileExec152039262.dir/build
make[1]: Entering directory `/home/ubuntu/catkin_ws/build/CMakeFiles/CMakeTmp'
/usr/bin/cmake -E cmake_progress_report /home/ubuntu/catkin_ws/build/CMakeFiles/CMakeTmp/CMakeFiles 1
Building CXX object CMakeFiles/cmTryCompileExec152039262.dir/src.cxx.o
/usr/bin/c++    -DCOMPILER_SUPPORTS_CXX0X   -std=c++0x -o CMakeFiles/cmTryCompileExec152039262.dir/src.cxx.o -c /home/ubuntu/catkin_ws/build/CMakeFiles/CMakeTmp/src.cxx
Linking CXX executable cmTryCompileExec152039262
/usr/bin/cmake -E cmake_link_script CMakeFiles/cmTryCompileExec152039262.dir/link.txt --verbose=1
/usr/bin/c++    -DCOMPILER_SUPPORTS_CXX0X    CMakeFiles/cmTryCompileExec152039262.dir/src.cxx.o  -o cmTryCompileExec152039262 -rdynamic 
make[1]: Leaving directory `/home/ubuntu/catkin_ws/build/CMakeFiles/CMakeTmp'

Source file was:
int main() { return 0;}
The target system is: Linux - 3.10.96-tegra - aarch64
The host system is: Linux - 3.10.96-tegra - aarch64
The target system is: Linux - 3.10.96-tegra - aarch64
The host system is: Linux - 3.10.96-tegra - aarch64
The target system is: Linux - 3.10.96-tegra - aarch64
The host system is: Linux - 3.10.96-tegra - aarch64
The target system is: Linux - 3.10.96-tegra - aarch64
The host system is: Linux - 3.10.96-tegra - aarch64
The target system is: Linux - 3.10.96-tegra - aarch64
The host system is: Linux - 3.10.96-tegra - aarch64
The target system is: Linux - 3.10.96-tegra - aarch64
The host system is: Linux - 3.10.96-tegra - aarch64
The target system is: Linux - 3.10.96-tegra - aarch64
The host system is: Linux - 3.10.96-tegra - aarch64
The target system is: Linux - 3.10.96-tegra - aarch64
The host system is: Linux - 3.10.96-tegra - aarch64
The target system is: Linux - 3.10.96-tegra - aarch64
The host system is: Linux - 3.10.96-tegra - aarch64
The target system is: Linux - 3.10.96-tegra - aarch64
The host system is: Linux - 3.10.96-tegra - aarch64
The target system is: Linux - 3.10.96-tegra - aarch64
The host system is: Linux - 3.10.96-tegra - aarch64
The target system is: Linux - 3.10.96-tegra - aarch64
The host system is: Linux - 3.10.96-tegra - aarch64
The target system is: Linux - 3.10.96-tegra - aarch64
The host system is: Linux - 3.10.96-tegra - aarch64
The target system is: Linux - 3.10.96-tegra - aarch64
The host system is: Linux - 3.10.96-tegra - aarch64
The target system is: Linux - 3.10.96-tegra - aarch64
The host system is: Linux - 3.10.96-tegra - aarch64
The target system is: Linux - 3.10.96-tegra - aarch64
The host system is: Linux - 3.10.96-tegra - aarch64
The target system is: Linux - 3.10.96-tegra - aarch64
The host system is: Linux - 3.10.96-tegra - aarch64
The target system is: Linux - 3.10.96-tegra - aarch64
The host system is: Linux - 3.10.96-tegra - aarch64
The target system is: Linux - 3.10.96-tegra - aarch64
The host system is: Linux - 3.10.96-tegra - aarch64
The target system is: Linux - 3.10.96-tegra - aarch64
The host system is: Linux - 3.10.96-tegra - aarch64
The target system is: Linux - 3.10.96-tegra - aarch64
The host system is: Linux - 3.10.96-tegra - aarch64
The target system is: Linux - 3.10.96-tegra - aarch64
The host system is: Linux - 3.10.96-tegra - aarch64
The target system is: Linux - 3.10.96-tegra - aarch64
The host system is: Linux - 3.10.96-tegra - aarch64
The target system is: Linux - 3.10.96-tegra - aarch64
The host system is: Linux - 3.10.96-tegra - aarch64
The target system is: Linux - 3.10.96-tegra - aarch64
The host system is: Linux - 3.10.96-tegra - aarch64
The target system is: Linux - 3.10.96-tegra - aarch64
The host system is: Linux - 3.10.96-tegra - aarch64
The target system is: Linux - 3.10.96-tegra - aarch64
The host system is: Linux - 3.10.96-tegra - aarch64
The target system is: Linux - 3.10.96-tegra - aarch64
The host system is: Linux - 3.10.96-tegra - aarch64
The target system is: Linux - 3.10.96-tegra - aarch64
The host system is: Linux - 3.10.96-tegra - aarch64
The target system is: Linux - 3.10.96-tegra - aarch64
The host system is: Linux - 3.10.96-tegra - aarch64
The target system is: Linux - 3.10.96-tegra - aarch64
The host system is: Linux - 3.10.96-tegra - aarch64
The target system is: Linux - 3.10.96-tegra - aarch64
The host system is: Linux - 3.10.96-tegra - aarch64
The target system is: Linux - 3.10.96-tegra - aarch64
The host system is: Linux - 3.10.96-tegra - aarch64
The target system is: Linux - 3.10.96-tegra - aarch64
The host system is: Linux - 3.10.96-tegra - aarch64
The target system is: Linux - 3.10.96-tegra - aarch64
The host system is: Linux - 3.10.96-tegra - aarch64
The target system is: Linux - 3.10.96-tegra - aarch64
The host system is: Linux - 3.10.96-tegra - aarch64
The target system is: Linux - 3.10.96-tegra - aarch64
The host system is: Linux - 3.10.96-tegra - aarch64
The target system is: Linux - 3.10.96-tegra - aarch64
The host system is: Linux - 3.10.96-tegra - aarch64
The target system is: Linux - 3.10.96-tegra - aarch64
The host system is: Linux - 3.10.96-tegra - aarch64
The target system is: Linux - 3.10.96-tegra - aarch64
The host system is: Linux - 3.10.96-tegra - aarch64
The target system is: Linux - 3.10.96-tegra - aarch64
The host system is: Linux - 3.10.96-tegra - aarch64
The target system is: Linux - 3.10.96-tegra - aarch64
The host system is: Linux - 3.10.96-tegra - aarch64
The target system is: Linux - 3.10.96-tegra - aarch64
The host system is: Linux - 3.10.96-tegra - aarch64
The target system is: Linux - 3.10.96-tegra - aarch64
The host system is: Linux - 3.10.96-tegra - aarch64
The target system is: Linux - 3.10.96-tegra - aarch64
The host system is: Linux - 3.10.96-tegra - aarch64
The target system is: Linux - 3.10.96-tegra - aarch64
The host system is: Linux - 3.10.96-tegra - aarch64
The target system is: Linux - 3.10.96-tegra - aarch64
The host system is: Linux - 3.10.96-tegra - aarch64
The target system is: Linux - 3.10.96-tegra - aarch64
The host system is: Linux - 3.10.96-tegra - aarch64
The target system is: Linux - 3.10.96-tegra - aarch64
The host system is: Linux - 3.10.96-tegra - aarch64
The target system is: Linux - 3.10.96-tegra - aarch64
The host system is: Linux - 3.10.96-tegra - aarch64
The target system is: Linux - 3.10.96-tegra - aarch64
The host system is: Linux - 3.10.96-tegra - aarch64
The target system is: Linux - 3.10.96-tegra - aarch64
The host system is: Linux - 3.10.96-tegra - aarch64
The target system is: Linux - 3.10.96-tegra - aarch64
The host system is: Linux - 3.10.96-tegra - aarch64
The target system is: Linux - 3.10.96-tegra - aarch64
The host system is: Linux - 3.10.96-tegra - aarch64
The target system is: Linux - 3.10.96-tegra - aarch64
The host system is: Linux - 3.10.96-tegra - aarch64
The target system is: Linux - 3.10.96-tegra - aarch64
The host system is: Linux - 3.10.96-tegra - aarch64
The target system is: Linux - 3.10.96-tegra - aarch64
The host system is: Linux - 3.10.96-tegra - aarch64
The target system is: Linux - 3.10.96-tegra - aarch64
The host system is: Linux - 3.10.96-tegra - aarch64
The target system is: Linux - 3.10.96-tegra - aarch64
The host system is: Linux - 3.10.96-tegra - aarch64
The target system is: Linux - 3.10.96-tegra - aarch64
The host system is: Linux - 3.10.96-tegra - aarch64
The target system is: Linux - 3.10.96-tegra - aarch64
The host system is: Linux - 3.10.96-tegra - aarch64
The target system is: Linux - 3.10.96-tegra - aarch64
The host system is: Linux - 3.10.96-tegra - aarch64
The target system is: Linux - 3.10.96-tegra - aarch64
The host system is: Linux - 3.10.96-tegra - aarch64
The target system is: Linux - 3.10.96-tegra - aarch64
The host system is: Linux - 3.10.96-tegra - aarch64
The target system is: Linux - 3.10.96-tegra - aarch64
The host system is: Linux - 3.10.96-tegra - aarch64
The target system is: Linux - 3.10.96-tegra - aarch64
The host system is: Linux - 3.10.96-tegra - aarch64
The target system is: Linux - 3.10.96-tegra - aarch64
The host system is: Linux - 3.10.96-tegra - aarch64
The target system is: Linux - 3.10.96-tegra - aarch64
The host system is: Linux - 3.10.96-tegra - aarch64
The target system is: Linux - 3.10.96-tegra - aarch64
The host system is: Linux - 3.10.96-tegra - aarch64
The target system is: Linux - 3.10.96-tegra - aarch64
The host system is: Linux - 3.10.96-tegra - aarch64
The target system is: Linux - 3.10.96-tegra - aarch64
The host system is: Linux - 3.10.96-tegra - aarch64
The target system is: Linux - 3.10.96-tegra - aarch64
The host system is: Linux - 3.10.96-tegra - aarch64
The target system is: Linux - 3.10.96-tegra - aarch64
The host system is: Linux - 3.10.96-tegra - aarch64
The target system is: Linux - 3.10.96-tegra - aarch64
The host system is: Linux - 3.10.96-tegra - aarch64
The target system is: Linux - 3.10.96-tegra - aarch64
The host system is: Linux - 3.10.96-tegra - aarch64
The target system is: Linux - 3.10.96-tegra - aarch64
The host system is: Linux - 3.10.96-tegra - aarch64
The target system is: Linux - 3.10.96-tegra - aarch64
The host system is: Linux - 3.10.96-tegra - aarch64
The target system is: Linux - 3.10.96-tegra - aarch64
The host system is: Linux - 3.10.96-tegra - aarch64
The target system is: Linux - 3.10.96-tegra - aarch64
The host system is: Linux - 3.10.96-tegra - aarch64
The target system is: Linux - 3.10.96-tegra - aarch64
The host system is: Linux - 3.10.96-tegra - aarch64
The target system is: Linux - 3.10.96-tegra - aarch64
The host system is: Linux - 3.10.96-tegra - aarch64
The target system is: Linux - 3.10.96-tegra - aarch64
The host system is: Linux - 3.10.96-tegra - aarch64
The target system is: Linux - 3.10.96-tegra - aarch64
The host system is: Linux - 3.10.96-tegra - aarch64
The target system is: Linux - 3.10.96-tegra - aarch64
The host system is: Linux - 3.10.96-tegra - aarch64
The target system is: Linux - 3.10.96-tegra - aarch64
The host system is: Linux - 3.10.96-tegra - aarch64
The target system is: Linux - 3.10.96-tegra - aarch64
The host system is: Linux - 3.10.96-tegra - aarch64
The target system is: Linux - 3.10.96-tegra - aarch64
The host system is: Linux - 3.10.96-tegra - aarch64
The target system is: Linux - 3.10.96-tegra - aarch64
The host system is: Linux - 3.10.96-tegra - aarch64
The target system is: Linux - 3.10.96-tegra - aarch64
The host system is: Linux - 3.10.96-tegra - aarch64
The target system is: Linux - 3.10.96-tegra - aarch64
The host system is: Linux - 3.10.96-tegra - aarch64
The target system is: Linux - 3.10.96-tegra - aarch64
The host system is: Linux - 3.10.96-tegra - aarch64
The target system is: Linux - 3.10.96-tegra - aarch64
The host system is: Linux - 3.10.96-tegra - aarch64
The target system is: Linux - 3.10.96-tegra - aarch64
The host system is: Linux - 3.10.96-tegra - aarch64
The target system is: Linux - 3.10.96-tegra - aarch64
The host system is: Linux - 3.10.96-tegra - aarch64
The target system is: Linux - 3.10.96-tegra - aarch64
The host system is: Linux - 3.10.96-tegra - aarch64
The target system is: Linux - 3.10.96-tegra - aarch64
The host system is: Linux - 3.10.96-tegra - aarch64
The target system is: Linux - 3.10.96-tegra - aarch64
The host system is: Linux - 3.10.96-tegra - aarch64
The target system is: Linux - 3.10.96-tegra - aarch64
The host system is: Linux - 3.10.96-tegra - aarch64
The target system is: Linux - 3.10.96-tegra - aarch64
The host system is: Linux - 3.10.96-tegra - aarch64
The target system is: Linux - 3.10.96-tegra - aarch64
The host system is: Linux - 3.10.96-tegra - aarch64
The target system is: Linux - 3.10.96-tegra - aarch64
The host system is: Linux - 3.10.96-tegra - aarch64
The target system is: Linux - 3.10.96-tegra - aarch64
The host system is: Linux - 3.10.96-tegra - aarch64
The target system is: Linux - 3.10.96-tegra - aarch64
The host system is: Linux - 3.10.96-tegra - aarch64
The target system is: Linux - 3.10.96-tegra - aarch64
The host system is: Linux - 3.10.96-tegra - aarch64
The target system is: Linux - 3.10.96-tegra - aarch64
The host system is: Linux - 3.10.96-tegra - aarch64
The target system is: Linux - 3.10.96-tegra - aarch64
The host system is: Linux - 3.10.96-tegra - aarch64
The target system is: Linux - 3.10.96-tegra - aarch64
The host system is: Linux - 3.10.96-tegra - aarch64
The target system is: Linux - 3.10.96-tegra - aarch64
The host system is: Linux - 3.10.96-tegra - aarch64
The target system is: Linux - 3.10.96-tegra - aarch64
The host system is: Linux - 3.10.96-tegra - aarch64
The target system is: Linux - 3.10.96-tegra - aarch64
The host system is: Linux - 3.10.96-tegra - aarch64
The target system is: Linux - 3.10.96-tegra - aarch64
The host system is: Linux - 3.10.96-tegra - aarch64
The target system is: Linux - 3.10.96-tegra - aarch64
The host system is: Linux - 3.10.96-tegra - aarch64
The target system is: Linux - 3.10.96-tegra - aarch64
The host system is: Linux - 3.10.96-tegra - aarch64
The target system is: Linux - 3.10.96-tegra - aarch64
The host system is: Linux - 3.10.96-tegra - aarch64
The target system is: Linux - 3.10.96-tegra - aarch64
The host system is: Linux - 3.10.96-tegra - aarch64
The target system is: Linux - 3.10.96-tegra - aarch64
The host system is: Linux - 3.10.96-tegra - aarch64
The target system is: Linux - 3.10.96-tegra - aarch64
The host system is: Linux - 3.10.96-tegra - aarch64
The target system is: Linux - 3.10.96-tegra - aarch64
The host system is: Linux - 3.10.96-tegra - aarch64
The target system is: Linux - 3.10.96-tegra - aarch64
The host system is: Linux - 3.10.96-tegra - aarch64
The target system is: Linux - 3.10.96-tegra - aarch64
The host system is: Linux - 3.10.96-tegra - aarch64
The target system is: Linux - 3.10.96-tegra - aarch64
The host system is: Linux - 3.10.96-tegra - aarch64
The target system is: Linux - 3.10.96-tegra - aarch64
The host system is: Linux - 3.10.96-tegra - aarch64
The target system is: Linux - 3.10.96-tegra - aarch64
The host system is: Linux - 3.10.96-tegra - aarch64
The target system is: Linux - 3.10.96-tegra - aarch64
The host system is: Linux - 3.10.96-tegra - aarch64
The target system is: Linux - 3.10.96-tegra - aarch64
The host system is: Linux - 3.10.96-tegra - aarch64
The target system is: Linux - 3.10.96-tegra - aarch64
The host system is: Linux - 3.10.96-tegra - aarch64
The target system is: Linux - 3.10.96-tegra - aarch64
The host system is: Linux - 3.10.96-tegra - aarch64
The target system is: Linux - 3.10.96-tegra - aarch64
The host system is: Linux - 3.10.96-tegra - aarch64
The target system is: Linux - 3.10.96-tegra - aarch64
The host system is: Linux - 3.10.96-tegra - aarch64
The target system is: Linux - 3.10.96-tegra - aarch64
The host system is: Linux - 3.10.96-tegra - aarch64
The target system is: Linux - 3.10.96-tegra - aarch64
The host system is: Linux - 3.10.96-tegra - aarch64
The target system is: Linux - 3.10.96-tegra - aarch64
The host system is: Linux - 3.10.96-tegra - aarch64
The target system is: Linux - 3.10.96-tegra - aarch64
The host system is: Linux - 3.10.96-tegra - aarch64
The target system is: Linux - 3.10.96-tegra - aarch64
The host system is: Linux - 3.10.96-tegra - aarch64
The target system is: Linux - 3.10.96-tegra - aarch64
The host system is: Linux - 3.10.96-tegra - aarch64
The target system is: Linux - 3.10.96-tegra - aarch64
The host system is: Linux - 3.10.96-tegra - aarch64
The target system is: Linux - 3.10.96-tegra - aarch64
The host system is: Linux - 3.10.96-tegra - aarch64
The target system is: Linux - 3.10.96-tegra - aarch64
The host system is: Linux - 3.10.96-tegra - aarch64
